pandaPIparser is configured as follows
  Colors in output: true
  Mode: parsing mode
  Parameter splitting: false
  Conditional effects: exponential encoding
  Disjunctive preconditions as HTN: false
  Replace goal with action: false
  Output: pandaPI format
Traceback (most recent call last):
  File "/scratch/users/t02pa24/Project MSC/Pytrich/__main__.py", line 154, in <module>
    main()
  File "/scratch/users/t02pa24/Project MSC/Pytrich/__main__.py", line 145, in main
    result = search_plan(
             ^^^^^^^^^^^^
  File "/scratch/users/t02pa24/Project MSC/Pytrich/Pytrich/planner.py", line 55, in search_plan
    model = grounder()
            ^^^^^^^^^^
  File "/scratch/users/t02pa24/Project MSC/Pytrich/Pytrich/Grounder/panda_ground.py", line 32, in __call__
    self.sas_file = self._run_panda_grounding()
                    ^^^^^^^^^^^^^^^^^^^^^^^^^^^
  File "/scratch/users/t02pa24/Project MSC/Pytrich/Pytrich/Grounder/panda_ground.py", line 107, in _run_panda_grounding
    os.remove(parsed_output)
FileNotFoundError: [Errno 2] No such file or directory: 'temp.parsed'
pandaPIparser is configured as follows
  Colors in output: true
  Mode: parsing mode
  Parameter splitting: false
  Conditional effects: exponential encoding
  Disjunctive preconditions as HTN: false
  Replace goal with action: false
  Output: pandaPI format
Traceback (most recent call last):
  File "/scratch/users/t02pa24/Project MSC/Pytrich/__main__.py", line 154, in <module>
    main()
  File "/scratch/users/t02pa24/Project MSC/Pytrich/__main__.py", line 145, in main
    result = search_plan(
             ^^^^^^^^^^^^
  File "/scratch/users/t02pa24/Project MSC/Pytrich/Pytrich/planner.py", line 55, in search_plan
    model = grounder()
            ^^^^^^^^^^
  File "/scratch/users/t02pa24/Project MSC/Pytrich/Pytrich/Grounder/panda_ground.py", line 32, in __call__
    self.sas_file = self._run_panda_grounding()
                    ^^^^^^^^^^^^^^^^^^^^^^^^^^^
  File "/scratch/users/t02pa24/Project MSC/Pytrich/Pytrich/Grounder/panda_ground.py", line 102, in _run_panda_grounding
    result = subprocess.run(
             ^^^^^^^^^^^^^^^
  File "/opt/software/uoa/spack/linux-centos7-x86_64/gcc-12.3.0/python-3.11.7-wmy4edj2kdv5nhctkrjbjxdqthcehqzl/lib/python3.11/subprocess.py", line 571, in run
    raise CalledProcessError(retcode, process.args,
subprocess.CalledProcessError: Command '['/scratch/users/t02pa24/Project MSC/Pytrich/Pytrich/Grounder/../../PandaBuilds/pandaPIgrounder', '-q', '-D', '-e', 'temp.parsed', 'Hiking-p02.psas']' died with <Signals.SIGSEGV: 11>.
pandaPIparser is configured as follows
  Colors in output: true
  Mode: parsing mode
  Parameter splitting: false
  Conditional effects: exponential encoding
  Disjunctive preconditions as HTN: false
  Replace goal with action: false
  Output: pandaPI format
pandaPIparser is configured as follows
  Colors in output: true
  Mode: parsing mode
  Parameter splitting: false
  Conditional effects: exponential encoding
  Disjunctive preconditions as HTN: false
  Replace goal with action: false
  Output: pandaPI format
/tmp/slurmd/job305053/slurm_script: line 46: 15285 Killed                  python3 __main__.py "$DOMAIN_FILE" "$PROBLEM_FILE" -e "$EXPERIMENT_NAME" -S "$SEARCH" -H "$HEURISTIC"
pandaPIparser is configured as follows
  Colors in output: true
  Mode: parsing mode
  Parameter splitting: false
  Conditional effects: exponential encoding
  Disjunctive preconditions as HTN: false
  Replace goal with action: false
  Output: pandaPI format
/tmp/slurmd/job305053/slurm_script: line 46: 17185 Killed                  python3 __main__.py "$DOMAIN_FILE" "$PROBLEM_FILE" -e "$EXPERIMENT_NAME" -S "$SEARCH" -H "$HEURISTIC"
pandaPIparser is configured as follows
  Colors in output: true
  Mode: parsing mode
  Parameter splitting: false
  Conditional effects: exponential encoding
  Disjunctive preconditions as HTN: false
  Replace goal with action: false
  Output: pandaPI format
/tmp/slurmd/job305053/slurm_script: line 46: 21966 Killed                  python3 __main__.py "$DOMAIN_FILE" "$PROBLEM_FILE" -e "$EXPERIMENT_NAME" -S "$SEARCH" -H "$HEURISTIC"
pandaPIparser is configured as follows
  Colors in output: true
  Mode: parsing mode
  Parameter splitting: false
  Conditional effects: exponential encoding
  Disjunctive preconditions as HTN: false
  Replace goal with action: false
  Output: pandaPI format
/tmp/slurmd/job305053/slurm_script: line 46: 28647 Killed                  python3 __main__.py "$DOMAIN_FILE" "$PROBLEM_FILE" -e "$EXPERIMENT_NAME" -S "$SEARCH" -H "$HEURISTIC"
pandaPIparser is configured as follows
  Colors in output: true
  Mode: parsing mode
  Parameter splitting: false
  Conditional effects: exponential encoding
  Disjunctive preconditions as HTN: false
  Replace goal with action: false
  Output: pandaPI format
/tmp/slurmd/job305053/slurm_script: line 46: 30713 Killed                  python3 __main__.py "$DOMAIN_FILE" "$PROBLEM_FILE" -e "$EXPERIMENT_NAME" -S "$SEARCH" -H "$HEURISTIC"
pandaPIparser is configured as follows
  Colors in output: true
  Mode: parsing mode
  Parameter splitting: false
  Conditional effects: exponential encoding
  Disjunctive preconditions as HTN: false
  Replace goal with action: false
  Output: pandaPI format
/tmp/slurmd/job305053/slurm_script: line 46:   881 Killed                  python3 __main__.py "$DOMAIN_FILE" "$PROBLEM_FILE" -e "$EXPERIMENT_NAME" -S "$SEARCH" -H "$HEURISTIC"
pandaPIparser is configured as follows
  Colors in output: true
  Mode: parsing mode
  Parameter splitting: false
  Conditional effects: exponential encoding
  Disjunctive preconditions as HTN: false
  Replace goal with action: false
  Output: pandaPI format
/tmp/slurmd/job305053/slurm_script: line 46: 12863 Killed                  python3 __main__.py "$DOMAIN_FILE" "$PROBLEM_FILE" -e "$EXPERIMENT_NAME" -S "$SEARCH" -H "$HEURISTIC"
pandaPIparser is configured as follows
  Colors in output: true
  Mode: parsing mode
  Parameter splitting: false
  Conditional effects: exponential encoding
  Disjunctive preconditions as HTN: false
  Replace goal with action: false
  Output: pandaPI format
/tmp/slurmd/job305053/slurm_script: line 46: 22104 Killed                  python3 __main__.py "$DOMAIN_FILE" "$PROBLEM_FILE" -e "$EXPERIMENT_NAME" -S "$SEARCH" -H "$HEURISTIC"
pandaPIparser is configured as follows
  Colors in output: true
  Mode: parsing mode
  Parameter splitting: false
  Conditional effects: exponential encoding
  Disjunctive preconditions as HTN: false
  Replace goal with action: false
  Output: pandaPI format
/tmp/slurmd/job305053/slurm_script: line 46: 24172 Killed                  python3 __main__.py "$DOMAIN_FILE" "$PROBLEM_FILE" -e "$EXPERIMENT_NAME" -S "$SEARCH" -H "$HEURISTIC"
pandaPIparser is configured as follows
  Colors in output: true
  Mode: parsing mode
  Parameter splitting: false
  Conditional effects: exponential encoding
  Disjunctive preconditions as HTN: false
  Replace goal with action: false
  Output: pandaPI format
/tmp/slurmd/job305053/slurm_script: line 46: 32519 Killed                  python3 __main__.py "$DOMAIN_FILE" "$PROBLEM_FILE" -e "$EXPERIMENT_NAME" -S "$SEARCH" -H "$HEURISTIC"
pandaPIparser is configured as follows
  Colors in output: true
  Mode: parsing mode
  Parameter splitting: false
  Conditional effects: exponential encoding
  Disjunctive preconditions as HTN: false
  Replace goal with action: false
  Output: pandaPI format
slurmstepd: error: *** JOB 305053 ON compute02 CANCELLED AT 2025-07-29T19:19:52 DUE TO TIME LIMIT ***
slurmstepd: error: Detected 10 oom-kill event(s) in StepId=305053.batch cgroup. Some of your processes may have been killed by the cgroup out-of-memory handler.
