pandaPIparser is configured as follows
  Colors in output: true
  Mode: parsing mode
  Parameter splitting: false
  Conditional effects: exponential encoding
  Disjunctive preconditions as HTN: false
  Replace goal with action: false
  Output: pandaPI format
pandaPIparser is configured as follows
  Colors in output: true
  Mode: parsing mode
  Parameter splitting: false
  Conditional effects: exponential encoding
  Disjunctive preconditions as HTN: false
  Replace goal with action: false
  Output: pandaPI format
pandaPIparser is configured as follows
  Colors in output: true
  Mode: parsing mode
  Parameter splitting: false
  Conditional effects: exponential encoding
  Disjunctive preconditions as HTN: false
  Replace goal with action: false
  Output: pandaPI format
pandaPIparser is configured as follows
  Colors in output: true
  Mode: parsing mode
  Parameter splitting: false
  Conditional effects: exponential encoding
  Disjunctive preconditions as HTN: false
  Replace goal with action: false
  Output: pandaPI format
pandaPIparser is configured as follows
  Colors in output: true
  Mode: parsing mode
  Parameter splitting: false
  Conditional effects: exponential encoding
  Disjunctive preconditions as HTN: false
  Replace goal with action: false
  Output: pandaPI format
pandaPIparser is configured as follows
  Colors in output: true
  Mode: parsing mode
  Parameter splitting: false
  Conditional effects: exponential encoding
  Disjunctive preconditions as HTN: false
  Replace goal with action: false
  Output: pandaPI format
pandaPIparser is configured as follows
  Colors in output: true
  Mode: parsing mode
  Parameter splitting: false
  Conditional effects: exponential encoding
  Disjunctive preconditions as HTN: false
  Replace goal with action: false
  Output: pandaPI format
pandaPIparser is configured as follows
  Colors in output: true
  Mode: parsing mode
  Parameter splitting: false
  Conditional effects: exponential encoding
  Disjunctive preconditions as HTN: false
  Replace goal with action: false
  Output: pandaPI format
pandaPIparser is configured as follows
  Colors in output: true
  Mode: parsing mode
  Parameter splitting: false
  Conditional effects: exponential encoding
  Disjunctive preconditions as HTN: false
  Replace goal with action: false
  Output: pandaPI format
pandaPIparser is configured as follows
  Colors in output: true
  Mode: parsing mode
  Parameter splitting: false
  Conditional effects: exponential encoding
  Disjunctive preconditions as HTN: false
  Replace goal with action: false
  Output: pandaPI format
pandaPIparser is configured as follows
  Colors in output: true
  Mode: parsing mode
  Parameter splitting: false
  Conditional effects: exponential encoding
  Disjunctive preconditions as HTN: false
  Replace goal with action: false
  Output: pandaPI format
pandaPIparser is configured as follows
  Colors in output: true
  Mode: parsing mode
  Parameter splitting: false
  Conditional effects: exponential encoding
  Disjunctive preconditions as HTN: false
  Replace goal with action: false
  Output: pandaPI format
pandaPIparser is configured as follows
  Colors in output: true
  Mode: parsing mode
  Parameter splitting: false
  Conditional effects: exponential encoding
  Disjunctive preconditions as HTN: false
  Replace goal with action: false
  Output: pandaPI format
pandaPIparser is configured as follows
  Colors in output: true
  Mode: parsing mode
  Parameter splitting: false
  Conditional effects: exponential encoding
  Disjunctive preconditions as HTN: false
  Replace goal with action: false
  Output: pandaPI format
pandaPIparser is configured as follows
  Colors in output: true
  Mode: parsing mode
  Parameter splitting: false
  Conditional effects: exponential encoding
  Disjunctive preconditions as HTN: false
  Replace goal with action: false
  Output: pandaPI format
pandaPIparser is configured as follows
  Colors in output: true
  Mode: parsing mode
  Parameter splitting: false
  Conditional effects: exponential encoding
  Disjunctive preconditions as HTN: false
  Replace goal with action: false
  Output: pandaPI format
pandaPIparser is configured as follows
  Colors in output: true
  Mode: parsing mode
  Parameter splitting: false
  Conditional effects: exponential encoding
  Disjunctive preconditions as HTN: false
  Replace goal with action: false
  Output: pandaPI format
pandaPIparser is configured as follows
  Colors in output: true
  Mode: parsing mode
  Parameter splitting: false
  Conditional effects: exponential encoding
  Disjunctive preconditions as HTN: false
  Replace goal with action: false
  Output: pandaPI format
pandaPIparser is configured as follows
  Colors in output: true
  Mode: parsing mode
  Parameter splitting: false
  Conditional effects: exponential encoding
  Disjunctive preconditions as HTN: false
  Replace goal with action: false
  Output: pandaPI format
pandaPIparser is configured as follows
  Colors in output: true
  Mode: parsing mode
  Parameter splitting: false
  Conditional effects: exponential encoding
  Disjunctive preconditions as HTN: false
  Replace goal with action: false
  Output: pandaPI format
pandaPIparser is configured as follows
  Colors in output: true
  Mode: parsing mode
  Parameter splitting: false
  Conditional effects: exponential encoding
  Disjunctive preconditions as HTN: false
  Replace goal with action: false
  Output: pandaPI format
pandaPIparser is configured as follows
  Colors in output: true
  Mode: parsing mode
  Parameter splitting: false
  Conditional effects: exponential encoding
  Disjunctive preconditions as HTN: false
  Replace goal with action: false
  Output: pandaPI format
pandaPIparser is configured as follows
  Colors in output: true
  Mode: parsing mode
  Parameter splitting: false
  Conditional effects: exponential encoding
  Disjunctive preconditions as HTN: false
  Replace goal with action: false
  Output: pandaPI format
pandaPIparser is configured as follows
  Colors in output: true
  Mode: parsing mode
  Parameter splitting: false
  Conditional effects: exponential encoding
  Disjunctive preconditions as HTN: false
  Replace goal with action: false
  Output: pandaPI format
pandaPIparser is configured as follows
  Colors in output: true
  Mode: parsing mode
  Parameter splitting: false
  Conditional effects: exponential encoding
  Disjunctive preconditions as HTN: false
  Replace goal with action: false
  Output: pandaPI format
pandaPIparser is configured as follows
  Colors in output: true
  Mode: parsing mode
  Parameter splitting: false
  Conditional effects: exponential encoding
  Disjunctive preconditions as HTN: false
  Replace goal with action: false
  Output: pandaPI format
Traceback (most recent call last):
  File "/scratch/users/t02pa24/Project MSC/Pytrich/__main__.py", line 154, in <module>
    main()
  File "/scratch/users/t02pa24/Project MSC/Pytrich/__main__.py", line 145, in main
    result = search_plan(
             ^^^^^^^^^^^^
  File "/scratch/users/t02pa24/Project MSC/Pytrich/Pytrich/planner.py", line 58, in search_plan
    model = grounder()
            ^^^^^^^^^^
  File "/scratch/users/t02pa24/Project MSC/Pytrich/Pytrich/Grounder/panda_ground.py", line 32, in __call__
    self.sas_file = self._run_panda_grounding()
                    ^^^^^^^^^^^^^^^^^^^^^^^^^^^
  File "/scratch/users/t02pa24/Project MSC/Pytrich/Pytrich/Grounder/panda_ground.py", line 102, in _run_panda_grounding
    result = subprocess.run(
             ^^^^^^^^^^^^^^^
  File "/opt/software/uoa/spack/linux-centos7-x86_64/gcc-12.3.0/python-3.11.7-wmy4edj2kdv5nhctkrjbjxdqthcehqzl/lib/python3.11/subprocess.py", line 571, in run
    raise CalledProcessError(retcode, process.args,
subprocess.CalledProcessError: Command '['/scratch/users/t02pa24/Project MSC/Pytrich/Pytrich/Grounder/../../PandaBuilds/pandaPIgrounder', '-q', '-D', '-e', 'temp.parsed', 'Woodworking-26.psas']' died with <Signals.SIGKILL: 9>.
pandaPIparser is configured as follows
  Colors in output: true
  Mode: parsing mode
  Parameter splitting: false
  Conditional effects: exponential encoding
  Disjunctive preconditions as HTN: false
  Replace goal with action: false
  Output: pandaPI format
pandaPIparser is configured as follows
  Colors in output: true
  Mode: parsing mode
  Parameter splitting: false
  Conditional effects: exponential encoding
  Disjunctive preconditions as HTN: false
  Replace goal with action: false
  Output: pandaPI format
pandaPIparser is configured as follows
  Colors in output: true
  Mode: parsing mode
  Parameter splitting: false
  Conditional effects: exponential encoding
  Disjunctive preconditions as HTN: false
  Replace goal with action: false
  Output: pandaPI format
pandaPIparser is configured as follows
  Colors in output: true
  Mode: parsing mode
  Parameter splitting: false
  Conditional effects: exponential encoding
  Disjunctive preconditions as HTN: false
  Replace goal with action: false
  Output: pandaPI format
pandaPIparser is configured as follows
  Colors in output: true
  Mode: parsing mode
  Parameter splitting: false
  Conditional effects: exponential encoding
  Disjunctive preconditions as HTN: false
  Replace goal with action: false
  Output: pandaPI format
pandaPIparser is configured as follows
  Colors in output: true
  Mode: parsing mode
  Parameter splitting: false
  Conditional effects: exponential encoding
  Disjunctive preconditions as HTN: false
  Replace goal with action: false
  Output: pandaPI format
pandaPIparser is configured as follows
  Colors in output: true
  Mode: parsing mode
  Parameter splitting: false
  Conditional effects: exponential encoding
  Disjunctive preconditions as HTN: false
  Replace goal with action: false
  Output: pandaPI format
pandaPIparser is configured as follows
  Colors in output: true
  Mode: parsing mode
  Parameter splitting: false
  Conditional effects: exponential encoding
  Disjunctive preconditions as HTN: false
  Replace goal with action: false
  Output: pandaPI format
pandaPIparser is configured as follows
  Colors in output: true
  Mode: parsing mode
  Parameter splitting: false
  Conditional effects: exponential encoding
  Disjunctive preconditions as HTN: false
  Replace goal with action: false
  Output: pandaPI format
pandaPIparser is configured as follows
  Colors in output: true
  Mode: parsing mode
  Parameter splitting: false
  Conditional effects: exponential encoding
  Disjunctive preconditions as HTN: false
  Replace goal with action: false
  Output: pandaPI format
pandaPIparser is configured as follows
  Colors in output: true
  Mode: parsing mode
  Parameter splitting: false
  Conditional effects: exponential encoding
  Disjunctive preconditions as HTN: false
  Replace goal with action: false
  Output: pandaPI format
pandaPIparser is configured as follows
  Colors in output: true
  Mode: parsing mode
  Parameter splitting: false
  Conditional effects: exponential encoding
  Disjunctive preconditions as HTN: false
  Replace goal with action: false
  Output: pandaPI format
pandaPIparser is configured as follows
  Colors in output: true
  Mode: parsing mode
  Parameter splitting: false
  Conditional effects: exponential encoding
  Disjunctive preconditions as HTN: false
  Replace goal with action: false
  Output: pandaPI format
pandaPIparser is configured as follows
  Colors in output: true
  Mode: parsing mode
  Parameter splitting: false
  Conditional effects: exponential encoding
  Disjunctive preconditions as HTN: false
  Replace goal with action: false
  Output: pandaPI format
pandaPIparser is configured as follows
  Colors in output: true
  Mode: parsing mode
  Parameter splitting: false
  Conditional effects: exponential encoding
  Disjunctive preconditions as HTN: false
  Replace goal with action: false
  Output: pandaPI format
pandaPIparser is configured as follows
  Colors in output: true
  Mode: parsing mode
  Parameter splitting: false
  Conditional effects: exponential encoding
  Disjunctive preconditions as HTN: false
  Replace goal with action: false
  Output: pandaPI format
pandaPIparser is configured as follows
  Colors in output: true
  Mode: parsing mode
  Parameter splitting: false
  Conditional effects: exponential encoding
  Disjunctive preconditions as HTN: false
  Replace goal with action: false
  Output: pandaPI format
pandaPIparser is configured as follows
  Colors in output: true
  Mode: parsing mode
  Parameter splitting: false
  Conditional effects: exponential encoding
  Disjunctive preconditions as HTN: false
  Replace goal with action: false
  Output: pandaPI format
pandaPIparser is configured as follows
  Colors in output: true
  Mode: parsing mode
  Parameter splitting: false
  Conditional effects: exponential encoding
  Disjunctive preconditions as HTN: false
  Replace goal with action: false
  Output: pandaPI format
Traceback (most recent call last):
  File "/scratch/users/t02pa24/Project MSC/Pytrich/__main__.py", line 154, in <module>
    main()
  File "/scratch/users/t02pa24/Project MSC/Pytrich/__main__.py", line 145, in main
    result = search_plan(
             ^^^^^^^^^^^^
  File "/scratch/users/t02pa24/Project MSC/Pytrich/Pytrich/planner.py", line 58, in search_plan
    model = grounder()
            ^^^^^^^^^^
  File "/scratch/users/t02pa24/Project MSC/Pytrich/Pytrich/Grounder/panda_ground.py", line 32, in __call__
    self.sas_file = self._run_panda_grounding()
                    ^^^^^^^^^^^^^^^^^^^^^^^^^^^
  File "/scratch/users/t02pa24/Project MSC/Pytrich/Pytrich/Grounder/panda_ground.py", line 102, in _run_panda_grounding
    result = subprocess.run(
             ^^^^^^^^^^^^^^^
  File "/opt/software/uoa/spack/linux-centos7-x86_64/gcc-12.3.0/python-3.11.7-wmy4edj2kdv5nhctkrjbjxdqthcehqzl/lib/python3.11/subprocess.py", line 571, in run
    raise CalledProcessError(retcode, process.args,
subprocess.CalledProcessError: Command '['/scratch/users/t02pa24/Project MSC/Pytrich/Pytrich/Grounder/../../PandaBuilds/pandaPIgrounder', '-q', '-D', '-e', 'temp.parsed', 'Woodworking-15.psas']' died with <Signals.SIGKILL: 9>.
pandaPIparser is configured as follows
  Colors in output: true
  Mode: parsing mode
  Parameter splitting: false
  Conditional effects: exponential encoding
  Disjunctive preconditions as HTN: false
  Replace goal with action: false
  Output: pandaPI format
pandaPIparser is configured as follows
  Colors in output: true
  Mode: parsing mode
  Parameter splitting: false
  Conditional effects: exponential encoding
  Disjunctive preconditions as HTN: false
  Replace goal with action: false
  Output: pandaPI format
Traceback (most recent call last):
  File "/scratch/users/t02pa24/Project MSC/Pytrich/__main__.py", line 154, in <module>
    main()
  File "/scratch/users/t02pa24/Project MSC/Pytrich/__main__.py", line 145, in main
    result = search_plan(
             ^^^^^^^^^^^^
  File "/scratch/users/t02pa24/Project MSC/Pytrich/Pytrich/planner.py", line 58, in search_plan
    model = grounder()
            ^^^^^^^^^^
  File "/scratch/users/t02pa24/Project MSC/Pytrich/Pytrich/Grounder/panda_ground.py", line 32, in __call__
    self.sas_file = self._run_panda_grounding()
                    ^^^^^^^^^^^^^^^^^^^^^^^^^^^
  File "/scratch/users/t02pa24/Project MSC/Pytrich/Pytrich/Grounder/panda_ground.py", line 102, in _run_panda_grounding
    result = subprocess.run(
             ^^^^^^^^^^^^^^^
  File "/opt/software/uoa/spack/linux-centos7-x86_64/gcc-12.3.0/python-3.11.7-wmy4edj2kdv5nhctkrjbjxdqthcehqzl/lib/python3.11/subprocess.py", line 571, in run
    raise CalledProcessError(retcode, process.args,
subprocess.CalledProcessError: Command '['/scratch/users/t02pa24/Project MSC/Pytrich/Pytrich/Grounder/../../PandaBuilds/pandaPIgrounder', '-q', '-D', '-e', 'temp.parsed', 'Woodworking-17.psas']' died with <Signals.SIGKILL: 9>.
pandaPIparser is configured as follows
  Colors in output: true
  Mode: parsing mode
  Parameter splitting: false
  Conditional effects: exponential encoding
  Disjunctive preconditions as HTN: false
  Replace goal with action: false
  Output: pandaPI format
pandaPIparser is configured as follows
  Colors in output: true
  Mode: parsing mode
  Parameter splitting: false
  Conditional effects: exponential encoding
  Disjunctive preconditions as HTN: false
  Replace goal with action: false
  Output: pandaPI format
pandaPIparser is configured as follows
  Colors in output: true
  Mode: parsing mode
  Parameter splitting: false
  Conditional effects: exponential encoding
  Disjunctive preconditions as HTN: false
  Replace goal with action: false
  Output: pandaPI format
pandaPIparser is configured as follows
  Colors in output: true
  Mode: parsing mode
  Parameter splitting: false
  Conditional effects: exponential encoding
  Disjunctive preconditions as HTN: false
  Replace goal with action: false
  Output: pandaPI format
pandaPIparser is configured as follows
  Colors in output: true
  Mode: parsing mode
  Parameter splitting: false
  Conditional effects: exponential encoding
  Disjunctive preconditions as HTN: false
  Replace goal with action: false
  Output: pandaPI format
pandaPIparser is configured as follows
  Colors in output: true
  Mode: parsing mode
  Parameter splitting: false
  Conditional effects: exponential encoding
  Disjunctive preconditions as HTN: false
  Replace goal with action: false
  Output: pandaPI format
pandaPIparser is configured as follows
  Colors in output: true
  Mode: parsing mode
  Parameter splitting: false
  Conditional effects: exponential encoding
  Disjunctive preconditions as HTN: false
  Replace goal with action: false
  Output: pandaPI format
pandaPIparser is configured as follows
  Colors in output: true
  Mode: parsing mode
  Parameter splitting: false
  Conditional effects: exponential encoding
  Disjunctive preconditions as HTN: false
  Replace goal with action: false
  Output: pandaPI format
pandaPIparser is configured as follows
  Colors in output: true
  Mode: parsing mode
  Parameter splitting: false
  Conditional effects: exponential encoding
  Disjunctive preconditions as HTN: false
  Replace goal with action: false
  Output: pandaPI format
pandaPIparser is configured as follows
  Colors in output: true
  Mode: parsing mode
  Parameter splitting: false
  Conditional effects: exponential encoding
  Disjunctive preconditions as HTN: false
  Replace goal with action: false
  Output: pandaPI format
pandaPIparser is configured as follows
  Colors in output: true
  Mode: parsing mode
  Parameter splitting: false
  Conditional effects: exponential encoding
  Disjunctive preconditions as HTN: false
  Replace goal with action: false
  Output: pandaPI format
pandaPIparser is configured as follows
  Colors in output: true
  Mode: parsing mode
  Parameter splitting: false
  Conditional effects: exponential encoding
  Disjunctive preconditions as HTN: false
  Replace goal with action: false
  Output: pandaPI format
pandaPIparser is configured as follows
  Colors in output: true
  Mode: parsing mode
  Parameter splitting: false
  Conditional effects: exponential encoding
  Disjunctive preconditions as HTN: false
  Replace goal with action: false
  Output: pandaPI format
pandaPIparser is configured as follows
  Colors in output: true
  Mode: parsing mode
  Parameter splitting: false
  Conditional effects: exponential encoding
  Disjunctive preconditions as HTN: false
  Replace goal with action: false
  Output: pandaPI format
pandaPIparser is configured as follows
  Colors in output: true
  Mode: parsing mode
  Parameter splitting: false
  Conditional effects: exponential encoding
  Disjunctive preconditions as HTN: false
  Replace goal with action: false
  Output: pandaPI format
pandaPIparser is configured as follows
  Colors in output: true
  Mode: parsing mode
  Parameter splitting: false
  Conditional effects: exponential encoding
  Disjunctive preconditions as HTN: false
  Replace goal with action: false
  Output: pandaPI format
pandaPIparser is configured as follows
  Colors in output: true
  Mode: parsing mode
  Parameter splitting: false
  Conditional effects: exponential encoding
  Disjunctive preconditions as HTN: false
  Replace goal with action: false
  Output: pandaPI format
pandaPIparser is configured as follows
  Colors in output: true
  Mode: parsing mode
  Parameter splitting: false
  Conditional effects: exponential encoding
  Disjunctive preconditions as HTN: false
  Replace goal with action: false
  Output: pandaPI format
pandaPIparser is configured as follows
  Colors in output: true
  Mode: parsing mode
  Parameter splitting: false
  Conditional effects: exponential encoding
  Disjunctive preconditions as HTN: false
  Replace goal with action: false
  Output: pandaPI format
pandaPIparser is configured as follows
  Colors in output: true
  Mode: parsing mode
  Parameter splitting: false
  Conditional effects: exponential encoding
  Disjunctive preconditions as HTN: false
  Replace goal with action: false
  Output: pandaPI format
pandaPIparser is configured as follows
  Colors in output: true
  Mode: parsing mode
  Parameter splitting: false
  Conditional effects: exponential encoding
  Disjunctive preconditions as HTN: false
  Replace goal with action: false
  Output: pandaPI format
pandaPIparser is configured as follows
  Colors in output: true
  Mode: parsing mode
  Parameter splitting: false
  Conditional effects: exponential encoding
  Disjunctive preconditions as HTN: false
  Replace goal with action: false
  Output: pandaPI format
pandaPIparser is configured as follows
  Colors in output: true
  Mode: parsing mode
  Parameter splitting: false
  Conditional effects: exponential encoding
  Disjunctive preconditions as HTN: false
  Replace goal with action: false
  Output: pandaPI format
pandaPIparser is configured as follows
  Colors in output: true
  Mode: parsing mode
  Parameter splitting: false
  Conditional effects: exponential encoding
  Disjunctive preconditions as HTN: false
  Replace goal with action: false
  Output: pandaPI format
pandaPIparser is configured as follows
  Colors in output: true
  Mode: parsing mode
  Parameter splitting: false
  Conditional effects: exponential encoding
  Disjunctive preconditions as HTN: false
  Replace goal with action: false
  Output: pandaPI format
pandaPIparser is configured as follows
  Colors in output: true
  Mode: parsing mode
  Parameter splitting: false
  Conditional effects: exponential encoding
  Disjunctive preconditions as HTN: false
  Replace goal with action: false
  Output: pandaPI format
pandaPIparser is configured as follows
  Colors in output: true
  Mode: parsing mode
  Parameter splitting: false
  Conditional effects: exponential encoding
  Disjunctive preconditions as HTN: false
  Replace goal with action: false
  Output: pandaPI format
pandaPIparser is configured as follows
  Colors in output: true
  Mode: parsing mode
  Parameter splitting: false
  Conditional effects: exponential encoding
  Disjunctive preconditions as HTN: false
  Replace goal with action: false
  Output: pandaPI format
pandaPIparser is configured as follows
  Colors in output: true
  Mode: parsing mode
  Parameter splitting: false
  Conditional effects: exponential encoding
  Disjunctive preconditions as HTN: false
  Replace goal with action: false
  Output: pandaPI format
pandaPIparser is configured as follows
  Colors in output: true
  Mode: parsing mode
  Parameter splitting: false
  Conditional effects: exponential encoding
  Disjunctive preconditions as HTN: false
  Replace goal with action: false
  Output: pandaPI format
pandaPIparser is configured as follows
  Colors in output: true
  Mode: parsing mode
  Parameter splitting: false
  Conditional effects: exponential encoding
  Disjunctive preconditions as HTN: false
  Replace goal with action: false
  Output: pandaPI format
pandaPIparser is configured as follows
  Colors in output: true
  Mode: parsing mode
  Parameter splitting: false
  Conditional effects: exponential encoding
  Disjunctive preconditions as HTN: false
  Replace goal with action: false
  Output: pandaPI format
pandaPIparser is configured as follows
  Colors in output: true
  Mode: parsing mode
  Parameter splitting: false
  Conditional effects: exponential encoding
  Disjunctive preconditions as HTN: false
  Replace goal with action: false
  Output: pandaPI format
pandaPIparser is configured as follows
  Colors in output: true
  Mode: parsing mode
  Parameter splitting: false
  Conditional effects: exponential encoding
  Disjunctive preconditions as HTN: false
  Replace goal with action: false
  Output: pandaPI format
pandaPIparser is configured as follows
  Colors in output: true
  Mode: parsing mode
  Parameter splitting: false
  Conditional effects: exponential encoding
  Disjunctive preconditions as HTN: false
  Replace goal with action: false
  Output: pandaPI format
pandaPIparser is configured as follows
  Colors in output: true
  Mode: parsing mode
  Parameter splitting: false
  Conditional effects: exponential encoding
  Disjunctive preconditions as HTN: false
  Replace goal with action: false
  Output: pandaPI format
Traceback (most recent call last):
  File "/scratch/users/t02pa24/Project MSC/Pytrich/__main__.py", line 154, in <module>
    main()
  File "/scratch/users/t02pa24/Project MSC/Pytrich/__main__.py", line 145, in main
    result = search_plan(
             ^^^^^^^^^^^^
  File "/scratch/users/t02pa24/Project MSC/Pytrich/Pytrich/planner.py", line 58, in search_plan
    model = grounder()
            ^^^^^^^^^^
  File "/scratch/users/t02pa24/Project MSC/Pytrich/Pytrich/Grounder/panda_ground.py", line 32, in __call__
    self.sas_file = self._run_panda_grounding()
                    ^^^^^^^^^^^^^^^^^^^^^^^^^^^
  File "/scratch/users/t02pa24/Project MSC/Pytrich/Pytrich/Grounder/panda_ground.py", line 102, in _run_panda_grounding
    result = subprocess.run(
             ^^^^^^^^^^^^^^^
  File "/opt/software/uoa/spack/linux-centos7-x86_64/gcc-12.3.0/python-3.11.7-wmy4edj2kdv5nhctkrjbjxdqthcehqzl/lib/python3.11/subprocess.py", line 571, in run
    raise CalledProcessError(retcode, process.args,
subprocess.CalledProcessError: Command '['/scratch/users/t02pa24/Project MSC/Pytrich/Pytrich/Grounder/../../PandaBuilds/pandaPIgrounder', '-q', '-D', '-e', 'temp.parsed', 'Woodworking-23.psas']' died with <Signals.SIGKILL: 9>.
pandaPIparser is configured as follows
  Colors in output: true
  Mode: parsing mode
  Parameter splitting: false
  Conditional effects: exponential encoding
  Disjunctive preconditions as HTN: false
  Replace goal with action: false
  Output: pandaPI format
pandaPIparser is configured as follows
  Colors in output: true
  Mode: parsing mode
  Parameter splitting: false
  Conditional effects: exponential encoding
  Disjunctive preconditions as HTN: false
  Replace goal with action: false
  Output: pandaPI format
pandaPIparser is configured as follows
  Colors in output: true
  Mode: parsing mode
  Parameter splitting: false
  Conditional effects: exponential encoding
  Disjunctive preconditions as HTN: false
  Replace goal with action: false
  Output: pandaPI format
pandaPIparser is configured as follows
  Colors in output: true
  Mode: parsing mode
  Parameter splitting: false
  Conditional effects: exponential encoding
  Disjunctive preconditions as HTN: false
  Replace goal with action: false
  Output: pandaPI format
pandaPIparser is configured as follows
  Colors in output: true
  Mode: parsing mode
  Parameter splitting: false
  Conditional effects: exponential encoding
  Disjunctive preconditions as HTN: false
  Replace goal with action: false
  Output: pandaPI format
pandaPIparser is configured as follows
  Colors in output: true
  Mode: parsing mode
  Parameter splitting: false
  Conditional effects: exponential encoding
  Disjunctive preconditions as HTN: false
  Replace goal with action: false
  Output: pandaPI format
pandaPIparser is configured as follows
  Colors in output: true
  Mode: parsing mode
  Parameter splitting: false
  Conditional effects: exponential encoding
  Disjunctive preconditions as HTN: false
  Replace goal with action: false
  Output: pandaPI format
slurmstepd: error: Detected 4 oom-kill event(s) in StepId=305992.batch cgroup. Some of your processes may have been killed by the cgroup out-of-memory handler.
