pandaPIparser is configured as follows
  Colors in output: true
  Mode: parsing mode
  Parameter splitting: false
  Conditional effects: exponential encoding
  Disjunctive preconditions as HTN: false
  Replace goal with action: false
  Output: pandaPI format
pandaPIparser is configured as follows
  Colors in output: true
  Mode: parsing mode
  Parameter splitting: false
  Conditional effects: exponential encoding
  Disjunctive preconditions as HTN: false
  Replace goal with action: false
  Output: pandaPI format
pandaPIparser is configured as follows
  Colors in output: true
  Mode: parsing mode
  Parameter splitting: false
  Conditional effects: exponential encoding
  Disjunctive preconditions as HTN: false
  Replace goal with action: false
  Output: pandaPI format
bash: line 1: 14291 Killed                  python3 "/scratch/users/t02pa24/Project MSC/Pytrich/__main__.py" "/scratch/users/t02pa24/Project MSC/Pytrich/ipc2023-domains/total-order/Minecraft-Player/domain.hddl" "/scratch/users/t02pa24/Project MSC/Pytrich/ipc2023-domains/total-order/Minecraft-Player/p-003-004-004-004.hddl" -e "multi-heuristics-total-order" -S "Astar(use_early=True)" -H "DELRELAX(use_ordering_relaxation=True)"
pandaPIparser is configured as follows
  Colors in output: true
  Mode: parsing mode
  Parameter splitting: false
  Conditional effects: exponential encoding
  Disjunctive preconditions as HTN: false
  Replace goal with action: false
  Output: pandaPI format
pandaPIparser is configured as follows
  Colors in output: true
  Mode: parsing mode
  Parameter splitting: false
  Conditional effects: exponential encoding
  Disjunctive preconditions as HTN: false
  Replace goal with action: false
  Output: pandaPI format
pandaPIparser is configured as follows
  Colors in output: true
  Mode: parsing mode
  Parameter splitting: false
  Conditional effects: exponential encoding
  Disjunctive preconditions as HTN: false
  Replace goal with action: false
  Output: pandaPI format
pandaPIparser is configured as follows
  Colors in output: true
  Mode: parsing mode
  Parameter splitting: false
  Conditional effects: exponential encoding
  Disjunctive preconditions as HTN: false
  Replace goal with action: false
  Output: pandaPI format
Traceback (most recent call last):
  File "/scratch/users/t02pa24/Project MSC/Pytrich/__main__.py", line 154, in <module>
    main()
  File "/scratch/users/t02pa24/Project MSC/Pytrich/__main__.py", line 145, in main
    result = search_plan(
             ^^^^^^^^^^^^
  File "/scratch/users/t02pa24/Project MSC/Pytrich/Pytrich/planner.py", line 58, in search_plan
    model = grounder()
            ^^^^^^^^^^
  File "/scratch/users/t02pa24/Project MSC/Pytrich/Pytrich/Grounder/panda_ground.py", line 32, in __call__
    self.sas_file = self._run_panda_grounding()
                    ^^^^^^^^^^^^^^^^^^^^^^^^^^^
  File "/scratch/users/t02pa24/Project MSC/Pytrich/Pytrich/Grounder/panda_ground.py", line 86, in _run_panda_grounding
    result = subprocess.run(
             ^^^^^^^^^^^^^^^
  File "/opt/software/uoa/spack/linux-centos7-x86_64/gcc-12.3.0/python-3.11.7-wmy4edj2kdv5nhctkrjbjxdqthcehqzl/lib/python3.11/subprocess.py", line 571, in run
    raise CalledProcessError(retcode, process.args,
subprocess.CalledProcessError: Command '['/scratch/users/t02pa24/Project MSC/Pytrich/Pytrich/Grounder/../../PandaBuilds/pandaPIparser', '/scratch/users/t02pa24/Project MSC/Pytrich/ipc2023-domains/total-order/Minecraft-Player/domain.hddl', '/scratch/users/t02pa24/Project MSC/Pytrich/ipc2023-domains/total-order/Minecraft-Player/p-004-004-006-006.hddl', 'temp.parsed']' died with <Signals.SIGKILL: 9>.
pandaPIparser is configured as follows
  Colors in output: true
  Mode: parsing mode
  Parameter splitting: false
  Conditional effects: exponential encoding
  Disjunctive preconditions as HTN: false
  Replace goal with action: false
  Output: pandaPI format
pandaPIparser is configured as follows
  Colors in output: true
  Mode: parsing mode
  Parameter splitting: false
  Conditional effects: exponential encoding
  Disjunctive preconditions as HTN: false
  Replace goal with action: false
  Output: pandaPI format
pandaPIparser is configured as follows
  Colors in output: true
  Mode: parsing mode
  Parameter splitting: false
  Conditional effects: exponential encoding
  Disjunctive preconditions as HTN: false
  Replace goal with action: false
  Output: pandaPI format
pandaPIparser is configured as follows
  Colors in output: true
  Mode: parsing mode
  Parameter splitting: false
  Conditional effects: exponential encoding
  Disjunctive preconditions as HTN: false
  Replace goal with action: false
  Output: pandaPI format
pandaPIparser is configured as follows
  Colors in output: true
  Mode: parsing mode
  Parameter splitting: false
  Conditional effects: exponential encoding
  Disjunctive preconditions as HTN: false
  Replace goal with action: false
  Output: pandaPI format
pandaPIparser is configured as follows
  Colors in output: true
  Mode: parsing mode
  Parameter splitting: false
  Conditional effects: exponential encoding
  Disjunctive preconditions as HTN: false
  Replace goal with action: false
  Output: pandaPI format
pandaPIparser is configured as follows
  Colors in output: true
  Mode: parsing mode
  Parameter splitting: false
  Conditional effects: exponential encoding
  Disjunctive preconditions as HTN: false
  Replace goal with action: false
  Output: pandaPI format
pandaPIparser is configured as follows
  Colors in output: true
  Mode: parsing mode
  Parameter splitting: false
  Conditional effects: exponential encoding
  Disjunctive preconditions as HTN: false
  Replace goal with action: false
  Output: pandaPI format
pandaPIparser is configured as follows
  Colors in output: true
  Mode: parsing mode
  Parameter splitting: false
  Conditional effects: exponential encoding
  Disjunctive preconditions as HTN: false
  Replace goal with action: false
  Output: pandaPI format
pandaPIparser is configured as follows
  Colors in output: true
  Mode: parsing mode
  Parameter splitting: false
  Conditional effects: exponential encoding
  Disjunctive preconditions as HTN: false
  Replace goal with action: false
  Output: pandaPI format
pandaPIparser is configured as follows
  Colors in output: true
  Mode: parsing mode
  Parameter splitting: false
  Conditional effects: exponential encoding
  Disjunctive preconditions as HTN: false
  Replace goal with action: false
  Output: pandaPI format
pandaPIparser is configured as follows
  Colors in output: true
  Mode: parsing mode
  Parameter splitting: false
  Conditional effects: exponential encoding
  Disjunctive preconditions as HTN: false
  Replace goal with action: false
  Output: pandaPI format
pandaPIparser is configured as follows
  Colors in output: true
  Mode: parsing mode
  Parameter splitting: false
  Conditional effects: exponential encoding
  Disjunctive preconditions as HTN: false
  Replace goal with action: false
  Output: pandaPI format
pandaPIparser is configured as follows
  Colors in output: true
  Mode: parsing mode
  Parameter splitting: false
  Conditional effects: exponential encoding
  Disjunctive preconditions as HTN: false
  Replace goal with action: false
  Output: pandaPI format
pandaPIparser is configured as follows
  Colors in output: true
  Mode: parsing mode
  Parameter splitting: false
  Conditional effects: exponential encoding
  Disjunctive preconditions as HTN: false
  Replace goal with action: false
  Output: pandaPI format
pandaPIparser is configured as follows
  Colors in output: true
  Mode: parsing mode
  Parameter splitting: false
  Conditional effects: exponential encoding
  Disjunctive preconditions as HTN: false
  Replace goal with action: false
  Output: pandaPI format
Traceback (most recent call last):
  File "/scratch/users/t02pa24/Project MSC/Pytrich/__main__.py", line 154, in <module>
    main()
  File "/scratch/users/t02pa24/Project MSC/Pytrich/__main__.py", line 145, in main
    result = search_plan(
             ^^^^^^^^^^^^
  File "/scratch/users/t02pa24/Project MSC/Pytrich/Pytrich/planner.py", line 58, in search_plan
    model = grounder()
            ^^^^^^^^^^
  File "/scratch/users/t02pa24/Project MSC/Pytrich/Pytrich/Grounder/panda_ground.py", line 32, in __call__
    self.sas_file = self._run_panda_grounding()
                    ^^^^^^^^^^^^^^^^^^^^^^^^^^^
  File "/scratch/users/t02pa24/Project MSC/Pytrich/Pytrich/Grounder/panda_ground.py", line 86, in _run_panda_grounding
    result = subprocess.run(
             ^^^^^^^^^^^^^^^
  File "/opt/software/uoa/spack/linux-centos7-x86_64/gcc-12.3.0/python-3.11.7-wmy4edj2kdv5nhctkrjbjxdqthcehqzl/lib/python3.11/subprocess.py", line 571, in run
    raise CalledProcessError(retcode, process.args,
subprocess.CalledProcessError: Command '['/scratch/users/t02pa24/Project MSC/Pytrich/Pytrich/Grounder/../../PandaBuilds/pandaPIparser', '/scratch/users/t02pa24/Project MSC/Pytrich/ipc2023-domains/total-order/Minecraft-Player/domain.hddl', '/scratch/users/t02pa24/Project MSC/Pytrich/ipc2023-domains/total-order/Minecraft-Player/p-003-004-004-004.hddl', 'temp.parsed']' died with <Signals.SIGKILL: 9>.
pandaPIparser is configured as follows
  Colors in output: true
  Mode: parsing mode
  Parameter splitting: false
  Conditional effects: exponential encoding
  Disjunctive preconditions as HTN: false
  Replace goal with action: false
  Output: pandaPI format
pandaPIparser is configured as follows
  Colors in output: true
  Mode: parsing mode
  Parameter splitting: false
  Conditional effects: exponential encoding
  Disjunctive preconditions as HTN: false
  Replace goal with action: false
  Output: pandaPI format
pandaPIparser is configured as follows
  Colors in output: true
  Mode: parsing mode
  Parameter splitting: false
  Conditional effects: exponential encoding
  Disjunctive preconditions as HTN: false
  Replace goal with action: false
  Output: pandaPI format
pandaPIparser is configured as follows
  Colors in output: true
  Mode: parsing mode
  Parameter splitting: false
  Conditional effects: exponential encoding
  Disjunctive preconditions as HTN: false
  Replace goal with action: false
  Output: pandaPI format
pandaPIparser is configured as follows
  Colors in output: true
  Mode: parsing mode
  Parameter splitting: false
  Conditional effects: exponential encoding
  Disjunctive preconditions as HTN: false
  Replace goal with action: false
  Output: pandaPI format
pandaPIparser is configured as follows
  Colors in output: true
  Mode: parsing mode
  Parameter splitting: false
  Conditional effects: exponential encoding
  Disjunctive preconditions as HTN: false
  Replace goal with action: false
  Output: pandaPI format
pandaPIparser is configured as follows
  Colors in output: true
  Mode: parsing mode
  Parameter splitting: false
  Conditional effects: exponential encoding
  Disjunctive preconditions as HTN: false
  Replace goal with action: false
  Output: pandaPI format
pandaPIparser is configured as follows
  Colors in output: true
  Mode: parsing mode
  Parameter splitting: false
  Conditional effects: exponential encoding
  Disjunctive preconditions as HTN: false
  Replace goal with action: false
  Output: pandaPI format
Traceback (most recent call last):
  File "/scratch/users/t02pa24/Project MSC/Pytrich/__main__.py", line 154, in <module>
    main()
  File "/scratch/users/t02pa24/Project MSC/Pytrich/__main__.py", line 145, in main
    result = search_plan(
             ^^^^^^^^^^^^
  File "/scratch/users/t02pa24/Project MSC/Pytrich/Pytrich/planner.py", line 58, in search_plan
    model = grounder()
            ^^^^^^^^^^
  File "/scratch/users/t02pa24/Project MSC/Pytrich/Pytrich/Grounder/panda_ground.py", line 32, in __call__
    self.sas_file = self._run_panda_grounding()
                    ^^^^^^^^^^^^^^^^^^^^^^^^^^^
  File "/scratch/users/t02pa24/Project MSC/Pytrich/Pytrich/Grounder/panda_ground.py", line 102, in _run_panda_grounding
    result = subprocess.run(
             ^^^^^^^^^^^^^^^
  File "/opt/software/uoa/spack/linux-centos7-x86_64/gcc-12.3.0/python-3.11.7-wmy4edj2kdv5nhctkrjbjxdqthcehqzl/lib/python3.11/subprocess.py", line 571, in run
    raise CalledProcessError(retcode, process.args,
subprocess.CalledProcessError: Command '['/scratch/users/t02pa24/Project MSC/Pytrich/Pytrich/Grounder/../../PandaBuilds/pandaPIgrounder', '-q', '-D', '-e', 'temp.parsed', 'Minecraft-Player-p-005-005-006-006.psas']' died with <Signals.SIGKILL: 9>.
pandaPIparser is configured as follows
  Colors in output: true
  Mode: parsing mode
  Parameter splitting: false
  Conditional effects: exponential encoding
  Disjunctive preconditions as HTN: false
  Replace goal with action: false
  Output: pandaPI format
pandaPIparser is configured as follows
  Colors in output: true
  Mode: parsing mode
  Parameter splitting: false
  Conditional effects: exponential encoding
  Disjunctive preconditions as HTN: false
  Replace goal with action: false
  Output: pandaPI format
pandaPIparser is configured as follows
  Colors in output: true
  Mode: parsing mode
  Parameter splitting: false
  Conditional effects: exponential encoding
  Disjunctive preconditions as HTN: false
  Replace goal with action: false
  Output: pandaPI format
pandaPIparser is configured as follows
  Colors in output: true
  Mode: parsing mode
  Parameter splitting: false
  Conditional effects: exponential encoding
  Disjunctive preconditions as HTN: false
  Replace goal with action: false
  Output: pandaPI format
pandaPIparser is configured as follows
  Colors in output: true
  Mode: parsing mode
  Parameter splitting: false
  Conditional effects: exponential encoding
  Disjunctive preconditions as HTN: false
  Replace goal with action: false
  Output: pandaPI format
pandaPIparser is configured as follows
  Colors in output: true
  Mode: parsing mode
  Parameter splitting: false
  Conditional effects: exponential encoding
  Disjunctive preconditions as HTN: false
  Replace goal with action: false
  Output: pandaPI format
pandaPIparser is configured as follows
  Colors in output: true
  Mode: parsing mode
  Parameter splitting: false
  Conditional effects: exponential encoding
  Disjunctive preconditions as HTN: false
  Replace goal with action: false
  Output: pandaPI format
pandaPIparser is configured as follows
  Colors in output: true
  Mode: parsing mode
  Parameter splitting: false
  Conditional effects: exponential encoding
  Disjunctive preconditions as HTN: false
  Replace goal with action: false
  Output: pandaPI format
pandaPIparser is configured as follows
  Colors in output: true
  Mode: parsing mode
  Parameter splitting: false
  Conditional effects: exponential encoding
  Disjunctive preconditions as HTN: false
  Replace goal with action: false
  Output: pandaPI format
pandaPIparser is configured as follows
  Colors in output: true
  Mode: parsing mode
  Parameter splitting: false
  Conditional effects: exponential encoding
  Disjunctive preconditions as HTN: false
  Replace goal with action: false
  Output: pandaPI format
pandaPIparser is configured as follows
  Colors in output: true
  Mode: parsing mode
  Parameter splitting: false
  Conditional effects: exponential encoding
  Disjunctive preconditions as HTN: false
  Replace goal with action: false
  Output: pandaPI format
pandaPIparser is configured as follows
  Colors in output: true
  Mode: parsing mode
  Parameter splitting: false
  Conditional effects: exponential encoding
  Disjunctive preconditions as HTN: false
  Replace goal with action: false
  Output: pandaPI format
pandaPIparser is configured as follows
  Colors in output: true
  Mode: parsing mode
  Parameter splitting: false
  Conditional effects: exponential encoding
  Disjunctive preconditions as HTN: false
  Replace goal with action: false
  Output: pandaPI format
pandaPIparser is configured as follows
  Colors in output: true
  Mode: parsing mode
  Parameter splitting: false
  Conditional effects: exponential encoding
  Disjunctive preconditions as HTN: false
  Replace goal with action: false
  Output: pandaPI format
pandaPIparser is configured as follows
  Colors in output: true
  Mode: parsing mode
  Parameter splitting: false
  Conditional effects: exponential encoding
  Disjunctive preconditions as HTN: false
  Replace goal with action: false
  Output: pandaPI format
pandaPIparser is configured as follows
  Colors in output: true
  Mode: parsing mode
  Parameter splitting: false
  Conditional effects: exponential encoding
  Disjunctive preconditions as HTN: false
  Replace goal with action: false
  Output: pandaPI format
pandaPIparser is configured as follows
  Colors in output: true
  Mode: parsing mode
  Parameter splitting: false
  Conditional effects: exponential encoding
  Disjunctive preconditions as HTN: false
  Replace goal with action: false
  Output: pandaPI format
pandaPIparser is configured as follows
  Colors in output: true
  Mode: parsing mode
  Parameter splitting: false
  Conditional effects: exponential encoding
  Disjunctive preconditions as HTN: false
  Replace goal with action: false
  Output: pandaPI format
pandaPIparser is configured as follows
  Colors in output: true
  Mode: parsing mode
  Parameter splitting: false
  Conditional effects: exponential encoding
  Disjunctive preconditions as HTN: false
  Replace goal with action: false
  Output: pandaPI format
pandaPIparser is configured as follows
  Colors in output: true
  Mode: parsing mode
  Parameter splitting: false
  Conditional effects: exponential encoding
  Disjunctive preconditions as HTN: false
  Replace goal with action: false
  Output: pandaPI format
pandaPIparser is configured as follows
  Colors in output: true
  Mode: parsing mode
  Parameter splitting: false
  Conditional effects: exponential encoding
  Disjunctive preconditions as HTN: false
  Replace goal with action: false
  Output: pandaPI format
pandaPIparser is configured as follows
  Colors in output: true
  Mode: parsing mode
  Parameter splitting: false
  Conditional effects: exponential encoding
  Disjunctive preconditions as HTN: false
  Replace goal with action: false
  Output: pandaPI format
pandaPIparser is configured as follows
  Colors in output: true
  Mode: parsing mode
  Parameter splitting: false
  Conditional effects: exponential encoding
  Disjunctive preconditions as HTN: false
  Replace goal with action: false
  Output: pandaPI format
pandaPIparser is configured as follows
  Colors in output: true
  Mode: parsing mode
  Parameter splitting: false
  Conditional effects: exponential encoding
  Disjunctive preconditions as HTN: false
  Replace goal with action: false
  Output: pandaPI format
pandaPIparser is configured as follows
  Colors in output: true
  Mode: parsing mode
  Parameter splitting: false
  Conditional effects: exponential encoding
  Disjunctive preconditions as HTN: false
  Replace goal with action: false
  Output: pandaPI format
pandaPIparser is configured as follows
  Colors in output: true
  Mode: parsing mode
  Parameter splitting: false
  Conditional effects: exponential encoding
  Disjunctive preconditions as HTN: false
  Replace goal with action: false
  Output: pandaPI format
pandaPIparser is configured as follows
  Colors in output: true
  Mode: parsing mode
  Parameter splitting: false
  Conditional effects: exponential encoding
  Disjunctive preconditions as HTN: false
  Replace goal with action: false
  Output: pandaPI format
pandaPIparser is configured as follows
  Colors in output: true
  Mode: parsing mode
  Parameter splitting: false
  Conditional effects: exponential encoding
  Disjunctive preconditions as HTN: false
  Replace goal with action: false
  Output: pandaPI format
slurmstepd: error: Detected 4 oom-kill event(s) in StepId=305982.batch cgroup. Some of your processes may have been killed by the cgroup out-of-memory handler.
